  terrain.cpp
D:\joaro\Documents\GitHub\30330-IA\rover\Rover\terrain.cpp(58,36): warning C4244: 'argument': conversion from 'double' to '_Tp', possible loss of data
D:\joaro\Documents\GitHub\30330-IA\rover\Rover\terrain.cpp(58,36): warning C4244:         with
D:\joaro\Documents\GitHub\30330-IA\rover\Rover\terrain.cpp(58,36): warning C4244:         [
D:\joaro\Documents\GitHub\30330-IA\rover\Rover\terrain.cpp(58,36): warning C4244:             _Tp=int
D:\joaro\Documents\GitHub\30330-IA\rover\Rover\terrain.cpp(58,36): warning C4244:         ]
D:\joaro\Documents\GitHub\30330-IA\rover\Rover\terrain.cpp(58,21): warning C4244: 'argument': conversion from 'double' to '_Tp', possible loss of data
D:\joaro\Documents\GitHub\30330-IA\rover\Rover\terrain.cpp(58,21): warning C4244:         with
D:\joaro\Documents\GitHub\30330-IA\rover\Rover\terrain.cpp(58,21): warning C4244:         [
D:\joaro\Documents\GitHub\30330-IA\rover\Rover\terrain.cpp(58,21): warning C4244:             _Tp=int
D:\joaro\Documents\GitHub\30330-IA\rover\Rover\terrain.cpp(58,21): warning C4244:         ]
D:\joaro\Documents\GitHub\30330-IA\rover\Rover\terrain.cpp(59,13): warning C4244: 'initializing': conversion from 'double' to 'int', possible loss of data
D:\joaro\Documents\GitHub\30330-IA\rover\Rover\terrain.cpp(82,13): warning C4244: 'return': conversion from 'double' to 'float', possible loss of data
D:\joaro\Documents\GitHub\30330-IA\rover\Rover\terrain.cpp(113,14): warning C4244: 'initializing': conversion from '_Tp' to 'float', possible loss of data
D:\joaro\Documents\GitHub\30330-IA\rover\Rover\terrain.cpp(113,14): warning C4244:         with
D:\joaro\Documents\GitHub\30330-IA\rover\Rover\terrain.cpp(113,14): warning C4244:         [
D:\joaro\Documents\GitHub\30330-IA\rover\Rover\terrain.cpp(113,14): warning C4244:             _Tp=int
D:\joaro\Documents\GitHub\30330-IA\rover\Rover\terrain.cpp(113,14): warning C4244:         ]
D:\joaro\Documents\GitHub\30330-IA\rover\Rover\terrain.cpp(114,14): warning C4244: 'initializing': conversion from '_Tp' to 'float', possible loss of data
D:\joaro\Documents\GitHub\30330-IA\rover\Rover\terrain.cpp(114,14): warning C4244:         with
D:\joaro\Documents\GitHub\30330-IA\rover\Rover\terrain.cpp(114,14): warning C4244:         [
D:\joaro\Documents\GitHub\30330-IA\rover\Rover\terrain.cpp(114,14): warning C4244:             _Tp=int
D:\joaro\Documents\GitHub\30330-IA\rover\Rover\terrain.cpp(114,14): warning C4244:         ]
D:\joaro\Documents\GitHub\30330-IA\rover\Rover\terrain.cpp(116,41): warning C4244: '=': conversion from 'double' to 'float', possible loss of data
D:\joaro\Documents\GitHub\30330-IA\rover\Rover\terrain.cpp(134,16): warning C4244: 'initializing': conversion from 'int' to 'float', possible loss of data
D:\joaro\Documents\GitHub\30330-IA\rover\Rover\terrain.cpp(196,11): warning C4018: '>=': signed/unsigned mismatch
D:\joaro\Documents\GitHub\30330-IA\rover\Rover\terrain.cpp(210,20): warning C4018: '<': signed/unsigned mismatch
D:\joaro\Documents\GitHub\30330-IA\rover\Rover\terrain.cpp(291,17): warning C4244: 'initializing': conversion from 'double' to 'int', possible loss of data
D:\joaro\Documents\GitHub\30330-IA\rover\Rover\terrain.cpp(308,21): warning C4018: '<': signed/unsigned mismatch
D:\joaro\Documents\GitHub\30330-IA\rover\Rover\terrain.cpp(324,37): warning C4244: '=': conversion from 'double' to 'float', possible loss of data
D:\joaro\Documents\GitHub\30330-IA\rover\Rover\terrain.cpp(344,36): warning C4838: conversion from 'unsigned int' to 'int' requires a narrowing conversion
D:\joaro\Documents\GitHub\30330-IA\rover\Rover\terrain.cpp(344,61): warning C4838: conversion from 'unsigned int' to 'int' requires a narrowing conversion
D:\joaro\Documents\GitHub\30330-IA\rover\Rover\terrain.cpp(370,36): warning C4838: conversion from 'unsigned int' to 'int' requires a narrowing conversion
D:\joaro\Documents\GitHub\30330-IA\rover\Rover\terrain.cpp(370,61): warning C4838: conversion from 'unsigned int' to 'int' requires a narrowing conversion
D:\joaro\Documents\GitHub\30330-IA\rover\Rover\terrain.cpp(466,83): warning C4305: 'argument': truncation from 'double' to 'float'
D:\joaro\Documents\GitHub\30330-IA\rover\Rover\terrain.cpp(470,20): warning C4018: '<': signed/unsigned mismatch
D:\joaro\Documents\GitHub\30330-IA\rover\Rover\terrain.cpp(471,21): warning C4018: '<': signed/unsigned mismatch
D:\joaro\Documents\GitHub\30330-IA\rover\Rover\terrain.cpp(472,67): warning C4244: '=': conversion from 'float' to 'int', possible loss of data
  Rover.vcxproj -> D:\joaro\Documents\GitHub\30330-IA\rover\Debug\Rover.exe
